<?xml version="1.0" encoding="UTF-8"?>
<testsuite xmlns:xsi="http://www.w3.org/2001/XMLSchema-instance" xsi:noNamespaceSchemaLocation="https://maven.apache.org/surefire/maven-surefire-plugin/xsd/surefire-test-report-3.0.xsd" version="3.0" name="PokerHandSorterTest" time="0.015" tests="1" errors="0" skipped="0" failures="0">
  <properties>
    <property name="awt.toolkit" value="sun.lwawt.macosx.LWCToolkit"/>
    <property name="java.specification.version" value="12"/>
    <property name="sun.jnu.encoding" value="UTF-8"/>
    <property name="java.class.path" value="/Users/macintosh/Projects/poker-hand-sorter/target/test-classes:/Users/macintosh/Projects/poker-hand-sorter/target/classes:/Users/macintosh/.m2/repository/org/apache/maven/plugins/maven-jar-plugin/3.1.1/maven-jar-plugin-3.1.1.jar:/Users/macintosh/.m2/repository/org/apache/maven/maven-plugin-api/3.0/maven-plugin-api-3.0.jar:/Users/macintosh/.m2/repository/org/apache/maven/maven-model/3.0/maven-model-3.0.jar:/Users/macintosh/.m2/repository/org/sonatype/sisu/sisu-inject-plexus/1.4.2/sisu-inject-plexus-1.4.2.jar:/Users/macintosh/.m2/repository/org/sonatype/sisu/sisu-inject-bean/1.4.2/sisu-inject-bean-1.4.2.jar:/Users/macintosh/.m2/repository/org/sonatype/sisu/sisu-guice/2.1.7/sisu-guice-2.1.7-noaop.jar:/Users/macintosh/.m2/repository/org/apache/maven/maven-core/3.0/maven-core-3.0.jar:/Users/macintosh/.m2/repository/org/apache/maven/maven-settings/3.0/maven-settings-3.0.jar:/Users/macintosh/.m2/repository/org/apache/maven/maven-settings-builder/3.0/maven-settings-builder-3.0.jar:/Users/macintosh/.m2/repository/org/apache/maven/maven-repository-metadata/3.0/maven-repository-metadata-3.0.jar:/Users/macintosh/.m2/repository/org/apache/maven/maven-model-builder/3.0/maven-model-builder-3.0.jar:/Users/macintosh/.m2/repository/org/apache/maven/maven-aether-provider/3.0/maven-aether-provider-3.0.jar:/Users/macintosh/.m2/repository/org/sonatype/aether/aether-impl/1.7/aether-impl-1.7.jar:/Users/macintosh/.m2/repository/org/sonatype/aether/aether-spi/1.7/aether-spi-1.7.jar:/Users/macintosh/.m2/repository/org/sonatype/aether/aether-api/1.7/aether-api-1.7.jar:/Users/macintosh/.m2/repository/org/sonatype/aether/aether-util/1.7/aether-util-1.7.jar:/Users/macintosh/.m2/repository/org/codehaus/plexus/plexus-interpolation/1.14/plexus-interpolation-1.14.jar:/Users/macintosh/.m2/repository/org/codehaus/plexus/plexus-classworlds/2.2.3/plexus-classworlds-2.2.3.jar:/Users/macintosh/.m2/repository/org/codehaus/plexus/plexus-component-annotations/1.5.5/plexus-component-annotations-1.5.5.jar:/Users/macintosh/.m2/repository/org/sonatype/plexus/plexus-sec-dispatcher/1.3/plexus-sec-dispatcher-1.3.jar:/Users/macintosh/.m2/repository/org/sonatype/plexus/plexus-cipher/1.4/plexus-cipher-1.4.jar:/Users/macintosh/.m2/repository/org/apache/maven/maven-artifact/3.0/maven-artifact-3.0.jar:/Users/macintosh/.m2/repository/org/apache/maven/maven-archiver/3.3.0/maven-archiver-3.3.0.jar:/Users/macintosh/.m2/repository/org/apache/maven/shared/maven-shared-utils/3.2.1/maven-shared-utils-3.2.1.jar:/Users/macintosh/.m2/repository/commons-io/commons-io/2.5/commons-io-2.5.jar:/Users/macintosh/.m2/repository/org/codehaus/plexus/plexus-archiver/3.7.0/plexus-archiver-3.7.0.jar:/Users/macintosh/.m2/repository/org/codehaus/plexus/plexus-io/3.1.0/plexus-io-3.1.0.jar:/Users/macintosh/.m2/repository/org/apache/commons/commons-compress/1.18/commons-compress-1.18.jar:/Users/macintosh/.m2/repository/org/iq80/snappy/snappy/0.4/snappy-0.4.jar:/Users/macintosh/.m2/repository/org/tukaani/xz/1.8/xz-1.8.jar:/Users/macintosh/.m2/repository/org/codehaus/plexus/plexus-utils/3.1.0/plexus-utils-3.1.0.jar:/Users/macintosh/.m2/repository/org/junit/jupiter/junit-jupiter-api/5.5.0-M1/junit-jupiter-api-5.5.0-M1.jar:/Users/macintosh/.m2/repository/org/apiguardian/apiguardian-api/1.0.0/apiguardian-api-1.0.0.jar:/Users/macintosh/.m2/repository/org/opentest4j/opentest4j/1.1.1/opentest4j-1.1.1.jar:/Users/macintosh/.m2/repository/org/junit/platform/junit-platform-commons/1.5.0-M1/junit-platform-commons-1.5.0-M1.jar:/Users/macintosh/.m2/repository/org/junit/jupiter/junit-jupiter-engine/5.5.0-M1/junit-jupiter-engine-5.5.0-M1.jar:/Users/macintosh/.m2/repository/org/junit/platform/junit-platform-engine/1.5.0-M1/junit-platform-engine-1.5.0-M1.jar:"/>
    <property name="java.vm.vendor" value="Oracle Corporation"/>
    <property name="sun.arch.data.model" value="64"/>
    <property name="java.vendor.url" value="https://java.oracle.com/"/>
    <property name="os.name" value="Mac OS X"/>
    <property name="java.vm.specification.version" value="12"/>
    <property name="sun.java.launcher" value="SUN_STANDARD"/>
    <property name="user.country" value="US"/>
    <property name="sun.boot.library.path" value="/Library/Java/JavaVirtualMachines/jdk-12.0.1.jdk/Contents/Home/lib"/>
    <property name="sun.java.command" value="/Users/macintosh/Projects/poker-hand-sorter/target/surefire/surefirebooter8038245049210412200.jar /Users/macintosh/Projects/poker-hand-sorter/target/surefire 2019-05-10T12-10-39_453-jvmRun1 surefire15610306979737339222tmp surefire_015590741867317450989tmp"/>
    <property name="http.nonProxyHosts" value="local|*.local|169.254/16|*.169.254/16"/>
    <property name="jdk.debug" value="release"/>
    <property name="surefire.test.class.path" value="/Users/macintosh/Projects/poker-hand-sorter/target/test-classes:/Users/macintosh/Projects/poker-hand-sorter/target/classes:/Users/macintosh/.m2/repository/org/apache/maven/plugins/maven-jar-plugin/3.1.1/maven-jar-plugin-3.1.1.jar:/Users/macintosh/.m2/repository/org/apache/maven/maven-plugin-api/3.0/maven-plugin-api-3.0.jar:/Users/macintosh/.m2/repository/org/apache/maven/maven-model/3.0/maven-model-3.0.jar:/Users/macintosh/.m2/repository/org/sonatype/sisu/sisu-inject-plexus/1.4.2/sisu-inject-plexus-1.4.2.jar:/Users/macintosh/.m2/repository/org/sonatype/sisu/sisu-inject-bean/1.4.2/sisu-inject-bean-1.4.2.jar:/Users/macintosh/.m2/repository/org/sonatype/sisu/sisu-guice/2.1.7/sisu-guice-2.1.7-noaop.jar:/Users/macintosh/.m2/repository/org/apache/maven/maven-core/3.0/maven-core-3.0.jar:/Users/macintosh/.m2/repository/org/apache/maven/maven-settings/3.0/maven-settings-3.0.jar:/Users/macintosh/.m2/repository/org/apache/maven/maven-settings-builder/3.0/maven-settings-builder-3.0.jar:/Users/macintosh/.m2/repository/org/apache/maven/maven-repository-metadata/3.0/maven-repository-metadata-3.0.jar:/Users/macintosh/.m2/repository/org/apache/maven/maven-model-builder/3.0/maven-model-builder-3.0.jar:/Users/macintosh/.m2/repository/org/apache/maven/maven-aether-provider/3.0/maven-aether-provider-3.0.jar:/Users/macintosh/.m2/repository/org/sonatype/aether/aether-impl/1.7/aether-impl-1.7.jar:/Users/macintosh/.m2/repository/org/sonatype/aether/aether-spi/1.7/aether-spi-1.7.jar:/Users/macintosh/.m2/repository/org/sonatype/aether/aether-api/1.7/aether-api-1.7.jar:/Users/macintosh/.m2/repository/org/sonatype/aether/aether-util/1.7/aether-util-1.7.jar:/Users/macintosh/.m2/repository/org/codehaus/plexus/plexus-interpolation/1.14/plexus-interpolation-1.14.jar:/Users/macintosh/.m2/repository/org/codehaus/plexus/plexus-classworlds/2.2.3/plexus-classworlds-2.2.3.jar:/Users/macintosh/.m2/repository/org/codehaus/plexus/plexus-component-annotations/1.5.5/plexus-component-annotations-1.5.5.jar:/Users/macintosh/.m2/repository/org/sonatype/plexus/plexus-sec-dispatcher/1.3/plexus-sec-dispatcher-1.3.jar:/Users/macintosh/.m2/repository/org/sonatype/plexus/plexus-cipher/1.4/plexus-cipher-1.4.jar:/Users/macintosh/.m2/repository/org/apache/maven/maven-artifact/3.0/maven-artifact-3.0.jar:/Users/macintosh/.m2/repository/org/apache/maven/maven-archiver/3.3.0/maven-archiver-3.3.0.jar:/Users/macintosh/.m2/repository/org/apache/maven/shared/maven-shared-utils/3.2.1/maven-shared-utils-3.2.1.jar:/Users/macintosh/.m2/repository/commons-io/commons-io/2.5/commons-io-2.5.jar:/Users/macintosh/.m2/repository/org/codehaus/plexus/plexus-archiver/3.7.0/plexus-archiver-3.7.0.jar:/Users/macintosh/.m2/repository/org/codehaus/plexus/plexus-io/3.1.0/plexus-io-3.1.0.jar:/Users/macintosh/.m2/repository/org/apache/commons/commons-compress/1.18/commons-compress-1.18.jar:/Users/macintosh/.m2/repository/org/iq80/snappy/snappy/0.4/snappy-0.4.jar:/Users/macintosh/.m2/repository/org/tukaani/xz/1.8/xz-1.8.jar:/Users/macintosh/.m2/repository/org/codehaus/plexus/plexus-utils/3.1.0/plexus-utils-3.1.0.jar:/Users/macintosh/.m2/repository/org/junit/jupiter/junit-jupiter-api/5.5.0-M1/junit-jupiter-api-5.5.0-M1.jar:/Users/macintosh/.m2/repository/org/apiguardian/apiguardian-api/1.0.0/apiguardian-api-1.0.0.jar:/Users/macintosh/.m2/repository/org/opentest4j/opentest4j/1.1.1/opentest4j-1.1.1.jar:/Users/macintosh/.m2/repository/org/junit/platform/junit-platform-commons/1.5.0-M1/junit-platform-commons-1.5.0-M1.jar:/Users/macintosh/.m2/repository/org/junit/jupiter/junit-jupiter-engine/5.5.0-M1/junit-jupiter-engine-5.5.0-M1.jar:/Users/macintosh/.m2/repository/org/junit/platform/junit-platform-engine/1.5.0-M1/junit-platform-engine-1.5.0-M1.jar:"/>
    <property name="sun.cpu.endian" value="little"/>
    <property name="user.home" value="/Users/macintosh"/>
    <property name="user.language" value="en"/>
    <property name="java.specification.vendor" value="Oracle Corporation"/>
    <property name="java.version.date" value="2019-04-16"/>
    <property name="java.home" value="/Library/Java/JavaVirtualMachines/jdk-12.0.1.jdk/Contents/Home"/>
    <property name="file.separator" value="/"/>
    <property name="basedir" value="/Users/macintosh/Projects/poker-hand-sorter"/>
    <property name="java.vm.compressedOopsMode" value="Zero based"/>
    <property name="line.separator" value="&#10;"/>
    <property name="java.specification.name" value="Java Platform API Specification"/>
    <property name="java.vm.specification.vendor" value="Oracle Corporation"/>
    <property name="java.awt.graphicsenv" value="sun.awt.CGraphicsEnvironment"/>
    <property name="surefire.real.class.path" value="/Users/macintosh/Projects/poker-hand-sorter/target/surefire/surefirebooter8038245049210412200.jar"/>
    <property name="sun.management.compiler" value="HotSpot 64-Bit Tiered Compilers"/>
    <property name="ftp.nonProxyHosts" value="local|*.local|169.254/16|*.169.254/16"/>
    <property name="java.runtime.version" value="12.0.1+12"/>
    <property name="user.name" value="Nikhil"/>
    <property name="path.separator" value=":"/>
    <property name="os.version" value="10.14.4"/>
    <property name="java.runtime.name" value="Java(TM) SE Runtime Environment"/>
    <property name="file.encoding" value="UTF-8"/>
    <property name="java.vm.name" value="Java HotSpot(TM) 64-Bit Server VM"/>
    <property name="localRepository" value="/Users/macintosh/.m2/repository"/>
    <property name="java.vendor.url.bug" value="https://bugreport.java.com/bugreport/"/>
    <property name="java.io.tmpdir" value="/var/folders/hd/d6v1fnn5271416bxwvdx_cqw0000gn/T/"/>
    <property name="java.version" value="12.0.1"/>
    <property name="user.dir" value="/Users/macintosh/Projects/poker-hand-sorter"/>
    <property name="os.arch" value="x86_64"/>
    <property name="java.vm.specification.name" value="Java Virtual Machine Specification"/>
    <property name="java.library.path" value="/Users/macintosh/Library/Java/Extensions:/Library/Java/Extensions:/Network/Library/Java/Extensions:/System/Library/Java/Extensions:/usr/lib/java:."/>
    <property name="java.vm.info" value="mixed mode, sharing"/>
    <property name="java.vendor" value="Oracle Corporation"/>
    <property name="java.vm.version" value="12.0.1+12"/>
    <property name="sun.io.unicode.encoding" value="UnicodeBig"/>
    <property name="socksNonProxyHosts" value="local|*.local|169.254/16|*.169.254/16"/>
    <property name="java.class.version" value="56.0"/>
  </properties>
  <testcase name="justAnExample" classname="PokerHandSorterTest" time="0.009"/>
</testsuite>